<?xml version="1.0" encoding="UTF-8"?>
<testsuite xmlns:xsi="http://www.w3.org/2001/XMLSchema-instance" xsi:noNamespaceSchemaLocation="https://maven.apache.org/surefire/maven-surefire-plugin/xsd/surefire-test-report.xsd" name="co.com.sofka.app.calculator.BasicCalculatorTest" time="0.118" tests="4" errors="0" skipped="0" failures="0">
  <properties>
[...]
</properties>
  <testcase name="restar" classname="co.com.sofka.app.calculator.BasicCalculatorTest" time="0.078"/>
  <testcase name="sum" classname="co.com.sofka.app.calculator.BasicCalculatorTest" time="0.007"/>
  <testcase name="multiplicar" classname="co.com.sofka.app.calculator.BasicCalculatorTest" time="0.005"/>
  <testcase name="dividir" classname="co.com.sofka.app.calculator.BasicCalculatorTest" time="0.008"/>
</testsuite>